<?xml version="1.0" encoding="UTF-8"?>
<!-- Generated by org.testng.reporters.JUnitReportReporter -->
<testsuite hostname="TechMs-MacBook-Pro.local" failures="0" tests="2" name="seleniumDEMOQA.SeleniumDemoQA" time="23.587" errors="0" timestamp="2022-03-17T06:41:39 CST" skipped="0">
  <testcase classname="seleniumDEMOQA.SeleniumDemoQA" name="checkbox" time="6.461"/>
  <system-out/>
  <testcase classname="seleniumDEMOQA.SeleniumDemoQA" name="webtables" time="17.126"/>
  <system-out/>
</testsuite> <!-- seleniumDEMOQA.SeleniumDemoQA -->
